<?xml version="1.0" encoding="UTF-8"?>
<!-- Generated by org.testng.reporters.JUnitXMLReporter -->
<testsuite hostname="EPUSSANW0020.local" ignored="2" name="First test" tests="5" failures="0" timestamp="24 Jul 2017 07:20:05 GMT" time="0.038" errors="0">
  <testcase name="testSum" time="0.011" classname="CalculatorTest.CalculatorTest_Sum"/>
  <testcase name="testSum" time="0.011" classname="CalculatorTest.CalculatorTest_Sum"/>
  <testcase name="testSum" time="0.012" classname="CalculatorTest.CalculatorTest_Sum"/>
  <testcase name="testSum" time="0.012" classname="CalculatorTest.CalculatorTest_Sum"/>
  <testcase name="testSum" time="0.012" classname="CalculatorTest.CalculatorTest_Sum"/>
  <testcase name="testIsPositive" time="0.0" classname="CalculatorTest.CalculatorTest_isPositive">
    <ignored/>
  </testcase> <!-- testIsPositive -->
  <testcase name="testIsNegative" time="0.0" classname="CalculatorTest.CalculatorTest_isNegative">
    <ignored/>
  </testcase> <!-- testIsNegative -->
</testsuite> <!-- First test -->
