<?xml version="1.0" encoding="UTF-8"?>
<testng-results skipped="0" failed="0" ignored="2" total="7" passed="5">
  <reporter-output>
  </reporter-output>
  <suite name="My suite" duration-ms="38" started-at="2017-07-24T07:20:00Z" finished-at="2017-07-24T07:20:00Z">
    <groups>
      <group name="simpleMathOperations">
        <method signature="CalculatorTest_Sum.testSum(long, long, long)[pri:0, instance:CalculatorTest.CalculatorTest_Sum@6d78f375]" name="testSum" class="CalculatorTest.CalculatorTest_Sum"/>
      </group> <!-- simpleMathOperations -->
    </groups>
    <test name="First test" duration-ms="38" started-at="2017-07-24T07:20:00Z" finished-at="2017-07-24T07:20:00Z">
      <class name="CalculatorTest.CalculatorTest_Sum">
        <test-method status="PASS" signature="testSum(long, long, long)[pri:0, instance:CalculatorTest.CalculatorTest_Sum@6d78f375]" name="testSum" duration-ms="12" started-at="2017-07-24T00:20:00Z" data-provider="sumDataProvider" finished-at="2017-07-24T00:20:00Z">
          <params>
            <param index="0">
              <value>
                <![CDATA[-7]]>
              </value>
            </param>
            <param index="1">
              <value>
                <![CDATA[-1]]>
              </value>
            </param>
            <param index="2">
              <value>
                <![CDATA[-8]]>
              </value>
            </param>
          </params>
          <reporter-output>
          </reporter-output>
        </test-method> <!-- testSum -->
        <test-method status="PASS" signature="testSum(long, long, long)[pri:0, instance:CalculatorTest.CalculatorTest_Sum@6d78f375]" name="testSum" duration-ms="12" started-at="2017-07-24T00:20:00Z" data-provider="sumDataProvider" finished-at="2017-07-24T00:20:00Z">
          <params>
            <param index="0">
              <value>
                <![CDATA[0]]>
              </value>
            </param>
            <param index="1">
              <value>
                <![CDATA[0]]>
              </value>
            </param>
            <param index="2">
              <value>
                <![CDATA[0]]>
              </value>
            </param>
          </params>
          <reporter-output>
          </reporter-output>
        </test-method> <!-- testSum -->
        <test-method status="PASS" signature="testSum(long, long, long)[pri:0, instance:CalculatorTest.CalculatorTest_Sum@6d78f375]" name="testSum" duration-ms="11" started-at="2017-07-24T00:20:00Z" data-provider="sumDataProvider" finished-at="2017-07-24T00:20:00Z">
          <params>
            <param index="0">
              <value>
                <![CDATA[7]]>
              </value>
            </param>
            <param index="1">
              <value>
                <![CDATA[1]]>
              </value>
            </param>
            <param index="2">
              <value>
                <![CDATA[8]]>
              </value>
            </param>
          </params>
          <reporter-output>
          </reporter-output>
        </test-method> <!-- testSum -->
        <test-method status="PASS" signature="testSum(long, long, long)[pri:0, instance:CalculatorTest.CalculatorTest_Sum@6d78f375]" name="testSum" duration-ms="11" started-at="2017-07-24T00:20:00Z" data-provider="sumDataProvider" finished-at="2017-07-24T00:20:00Z">
          <params>
            <param index="0">
              <value>
                <![CDATA[1000000]]>
              </value>
            </param>
            <param index="1">
              <value>
                <![CDATA[999999]]>
              </value>
            </param>
            <param index="2">
              <value>
                <![CDATA[1999999]]>
              </value>
            </param>
          </params>
          <reporter-output>
          </reporter-output>
        </test-method> <!-- testSum -->
        <test-method status="PASS" signature="testSum(long, long, long)[pri:0, instance:CalculatorTest.CalculatorTest_Sum@6d78f375]" name="testSum" duration-ms="12" started-at="2017-07-24T00:20:00Z" data-provider="sumDataProvider" finished-at="2017-07-24T00:20:00Z">
          <params>
            <param index="0">
              <value>
                <![CDATA[-7]]>
              </value>
            </param>
            <param index="1">
              <value>
                <![CDATA[8]]>
              </value>
            </param>
            <param index="2">
              <value>
                <![CDATA[1]]>
              </value>
            </param>
          </params>
          <reporter-output>
          </reporter-output>
        </test-method> <!-- testSum -->
      </class> <!-- CalculatorTest.CalculatorTest_Sum -->
    </test> <!-- First test -->
  </suite> <!-- My suite -->
</testng-results>
