<?xml version="1.0" encoding="UTF-8"?>
<!-- Generated by org.testng.reporters.JUnitXMLReporter -->
<testsuite hostname="EPUSSANW0020.local" ignored="0" name="Default test" tests="5" failures="0" timestamp="24 Jul 2017 06:54:40 GMT" time="0.066" errors="0">
  <testcase name="testSum" time="0.014" classname="CalculatorTest.CalculatorTest_Sum"/>
  <testcase name="testSum" time="0.015" classname="CalculatorTest.CalculatorTest_Sum"/>
  <testcase name="testSum" time="0.015" classname="CalculatorTest.CalculatorTest_Sum"/>
  <testcase name="testSum" time="0.015" classname="CalculatorTest.CalculatorTest_Sum"/>
  <testcase name="testSum" time="0.018" classname="CalculatorTest.CalculatorTest_Sum"/>
</testsuite> <!-- Default test -->
