<?xml version="1.0" encoding="UTF-8"?>
<!-- Generated by org.testng.reporters.JUnitXMLReporter -->
<testsuite hostname="EPUSSANW0020.local" ignored="0" name="Default test" tests="3" failures="0" timestamp="24 Jul 2017 03:26:55 GMT" time="0.028" errors="0">
  <testcase name="testIsNegative" time="0.009" classname="CalculatorTest.NewTest"/>
  <testcase name="testIsPostive" time="0.001" classname="CalculatorTest.NewTest"/>
  <testcase name="testSum" time="0.001" classname="CalculatorTest.NewTest"/>
</testsuite> <!-- Default test -->
